The system is: Darwin - 16.7.0 - x86_64
Compiling the C compiler identification source file "CMakeCCompilerId.c" succeeded.
Compiler: /Library/Developer/CommandLineTools/usr/bin/cc 
Build flags: 
Id flags:  

The output was:
0


Compilation of the C compiler identification source "CMakeCCompilerId.c" produced "a.out"

The C compiler identification is AppleClang, found in "/Users/dominicanene/Google Drive/Northwestern/career/kepler_challenge/cmake-build-debug/CMakeFiles/3.12.3/CompilerIdC/a.out"

Determining if the C compiler works passed with the following output:
Change Dir: /Users/dominicanene/Google Drive/Northwestern/career/kepler_challenge/cmake-build-debug/CMakeFiles/CMakeTmp

Run Build Command:"/anaconda/anaconda3/bin/make" "cmTC_f753e/fast"
/anaconda/anaconda3/bin/make -f CMakeFiles/cmTC_f753e.dir/build.make CMakeFiles/cmTC_f753e.dir/build
make[1]: Entering directory '/Users/dominicanene/Google Drive/Northwestern/career/kepler_challenge/cmake-build-debug/CMakeFiles/CMakeTmp'
Building C object CMakeFiles/cmTC_f753e.dir/testCCompiler.c.o
/Library/Developer/CommandLineTools/usr/bin/cc    -o CMakeFiles/cmTC_f753e.dir/testCCompiler.c.o   -c "/Users/dominicanene/Google Drive/Northwestern/career/kepler_challenge/cmake-build-debug/CMakeFiles/CMakeTmp/testCCompiler.c"
Linking C executable cmTC_f753e
/Applications/CLion.app/Contents/bin/cmake/mac/bin/cmake -E cmake_link_script CMakeFiles/cmTC_f753e.dir/link.txt --verbose=1
/Library/Developer/CommandLineTools/usr/bin/cc   -Wl,-search_paths_first -Wl,-headerpad_max_install_names   CMakeFiles/cmTC_f753e.dir/testCCompiler.c.o  -o cmTC_f753e 
make[1]: Leaving directory '/Users/dominicanene/Google Drive/Northwestern/career/kepler_challenge/cmake-build-debug/CMakeFiles/CMakeTmp'


Detecting C compiler ABI info compiled with the following output:
Change Dir: /Users/dominicanene/Google Drive/Northwestern/career/kepler_challenge/cmake-build-debug/CMakeFiles/CMakeTmp

Run Build Command:"/anaconda/anaconda3/bin/make" "cmTC_e51a8/fast"
/anaconda/anaconda3/bin/make -f CMakeFiles/cmTC_e51a8.dir/build.make CMakeFiles/cmTC_e51a8.dir/build
make[1]: Entering directory '/Users/dominicanene/Google Drive/Northwestern/career/kepler_challenge/cmake-build-debug/CMakeFiles/CMakeTmp'
Building C object CMakeFiles/cmTC_e51a8.dir/CMakeCCompilerABI.c.o
/Library/Developer/CommandLineTools/usr/bin/cc    -o CMakeFiles/cmTC_e51a8.dir/CMakeCCompilerABI.c.o   -c /Applications/CLion.app/Contents/bin/cmake/mac/share/cmake-3.12/Modules/CMakeCCompilerABI.c
Linking C executable cmTC_e51a8
/Applications/CLion.app/Contents/bin/cmake/mac/bin/cmake -E cmake_link_script CMakeFiles/cmTC_e51a8.dir/link.txt --verbose=1
/Library/Developer/CommandLineTools/usr/bin/cc   -Wl,-search_paths_first -Wl,-headerpad_max_install_names  -v -Wl,-v CMakeFiles/cmTC_e51a8.dir/CMakeCCompilerABI.c.o  -o cmTC_e51a8 
Apple LLVM version 9.0.0 (clang-900.0.39.2)
Target: x86_64-apple-darwin16.7.0
Thread model: posix
InstalledDir: /Library/Developer/CommandLineTools/usr/bin
 "/Library/Developer/CommandLineTools/usr/bin/ld" -demangle -lto_library /Library/Developer/CommandLineTools/usr/lib/libLTO.dylib -dynamic -arch x86_64 -macosx_version_min 10.12.0 -o cmTC_e51a8 -search_paths_first -headerpad_max_install_names -v CMakeFiles/cmTC_e51a8.dir/CMakeCCompilerABI.c.o -lSystem /Library/Developer/CommandLineTools/usr/lib/clang/9.0.0/lib/darwin/libclang_rt.osx.a
@(#)PROGRAM:ld  PROJECT:ld64-305
configured to support archs: armv6 armv7 armv7s arm64 i386 x86_64 x86_64h armv6m armv7k armv7m armv7em (tvOS)
Library search paths:
	/usr/lib
	/usr/local/lib
Framework search paths:
	/Library/Frameworks/
	/System/Library/Frameworks/
make[1]: Leaving directory '/Users/dominicanene/Google Drive/Northwestern/career/kepler_challenge/cmake-build-debug/CMakeFiles/CMakeTmp'


Parsed C implicit link information from above output:
  link line regex: [^( *|.*[/\])(ld|CMAKE_LINK_STARTFILE-NOTFOUND|([^/\]+-)?ld|collect2)[^/\]*( |$)]
  ignore line: [Change Dir: /Users/dominicanene/Google Drive/Northwestern/career/kepler_challenge/cmake-build-debug/CMakeFiles/CMakeTmp]
  ignore line: []
  ignore line: [Run Build Command:"/anaconda/anaconda3/bin/make" "cmTC_e51a8/fast"]
  ignore line: [/anaconda/anaconda3/bin/make -f CMakeFiles/cmTC_e51a8.dir/build.make CMakeFiles/cmTC_e51a8.dir/build]
  ignore line: [make[1]: Entering directory '/Users/dominicanene/Google Drive/Northwestern/career/kepler_challenge/cmake-build-debug/CMakeFiles/CMakeTmp']
  ignore line: [Building C object CMakeFiles/cmTC_e51a8.dir/CMakeCCompilerABI.c.o]
  ignore line: [/Library/Developer/CommandLineTools/usr/bin/cc    -o CMakeFiles/cmTC_e51a8.dir/CMakeCCompilerABI.c.o   -c /Applications/CLion.app/Contents/bin/cmake/mac/share/cmake-3.12/Modules/CMakeCCompilerABI.c]
  ignore line: [Linking C executable cmTC_e51a8]
  ignore line: [/Applications/CLion.app/Contents/bin/cmake/mac/bin/cmake -E cmake_link_script CMakeFiles/cmTC_e51a8.dir/link.txt --verbose=1]
  ignore line: [/Library/Developer/CommandLineTools/usr/bin/cc   -Wl,-search_paths_first -Wl,-headerpad_max_install_names  -v -Wl,-v CMakeFiles/cmTC_e51a8.dir/CMakeCCompilerABI.c.o  -o cmTC_e51a8 ]
  ignore line: [Apple LLVM version 9.0.0 (clang-900.0.39.2)]
  ignore line: [Target: x86_64-apple-darwin16.7.0]
  ignore line: [Thread model: posix]
  ignore line: [InstalledDir: /Library/Developer/CommandLineTools/usr/bin]
  link line: [ "/Library/Developer/CommandLineTools/usr/bin/ld" -demangle -lto_library /Library/Developer/CommandLineTools/usr/lib/libLTO.dylib -dynamic -arch x86_64 -macosx_version_min 10.12.0 -o cmTC_e51a8 -search_paths_first -headerpad_max_install_names -v CMakeFiles/cmTC_e51a8.dir/CMakeCCompilerABI.c.o -lSystem /Library/Developer/CommandLineTools/usr/lib/clang/9.0.0/lib/darwin/libclang_rt.osx.a]
    arg [/Library/Developer/CommandLineTools/usr/bin/ld] ==> ignore
    arg [-demangle] ==> ignore
    arg [-lto_library] ==> ignore, skip following value
    arg [/Library/Developer/CommandLineTools/usr/lib/libLTO.dylib] ==> skip value of -lto_library
    arg [-dynamic] ==> ignore
    arg [-arch] ==> ignore
    arg [x86_64] ==> ignore
    arg [-macosx_version_min] ==> ignore
    arg [10.12.0] ==> ignore
    arg [-o] ==> ignore
    arg [cmTC_e51a8] ==> ignore
    arg [-search_paths_first] ==> ignore
    arg [-headerpad_max_install_names] ==> ignore
    arg [-v] ==> ignore
    arg [CMakeFiles/cmTC_e51a8.dir/CMakeCCompilerABI.c.o] ==> ignore
    arg [-lSystem] ==> lib [System]
    arg [/Library/Developer/CommandLineTools/usr/lib/clang/9.0.0/lib/darwin/libclang_rt.osx.a] ==> lib [/Library/Developer/CommandLineTools/usr/lib/clang/9.0.0/lib/darwin/libclang_rt.osx.a]
  Library search paths: [;/usr/lib;/usr/local/lib]
  Framework search paths: [;/Library/Frameworks/;/System/Library/Frameworks/]
  remove lib [System]
  remove lib [/Library/Developer/CommandLineTools/usr/lib/clang/9.0.0/lib/darwin/libclang_rt.osx.a]
  collapse library dir [/usr/lib] ==> [/usr/lib]
  collapse library dir [/usr/local/lib] ==> [/usr/local/lib]
  collapse framework dir [/Library/Frameworks/] ==> [/Library/Frameworks]
  collapse framework dir [/System/Library/Frameworks/] ==> [/System/Library/Frameworks]
  implicit libs: []
  implicit dirs: [/usr/lib;/usr/local/lib]
  implicit fwks: [/Library/Frameworks;/System/Library/Frameworks]




Detecting C [-std=c11] compiler features compiled with the following output:
Change Dir: /Users/dominicanene/Google Drive/Northwestern/career/kepler_challenge/cmake-build-debug/CMakeFiles/CMakeTmp

Run Build Command:"/anaconda/anaconda3/bin/make" "cmTC_c2dcc/fast"
/anaconda/anaconda3/bin/make -f CMakeFiles/cmTC_c2dcc.dir/build.make CMakeFiles/cmTC_c2dcc.dir/build
make[1]: Entering directory '/Users/dominicanene/Google Drive/Northwestern/career/kepler_challenge/cmake-build-debug/CMakeFiles/CMakeTmp'
Building C object CMakeFiles/cmTC_c2dcc.dir/feature_tests.c.o
/Library/Developer/CommandLineTools/usr/bin/cc   -std=c11 -o CMakeFiles/cmTC_c2dcc.dir/feature_tests.c.o   -c "/Users/dominicanene/Google Drive/Northwestern/career/kepler_challenge/cmake-build-debug/CMakeFiles/feature_tests.c"
Linking C executable cmTC_c2dcc
/Applications/CLion.app/Contents/bin/cmake/mac/bin/cmake -E cmake_link_script CMakeFiles/cmTC_c2dcc.dir/link.txt --verbose=1
/Library/Developer/CommandLineTools/usr/bin/cc   -Wl,-search_paths_first -Wl,-headerpad_max_install_names   CMakeFiles/cmTC_c2dcc.dir/feature_tests.c.o  -o cmTC_c2dcc 
make[1]: Leaving directory '/Users/dominicanene/Google Drive/Northwestern/career/kepler_challenge/cmake-build-debug/CMakeFiles/CMakeTmp'


    Feature record: C_FEATURE:1c_function_prototypes
    Feature record: C_FEATURE:1c_restrict
    Feature record: C_FEATURE:1c_static_assert
    Feature record: C_FEATURE:1c_variadic_macros


Detecting C [-std=c99] compiler features compiled with the following output:
Change Dir: /Users/dominicanene/Google Drive/Northwestern/career/kepler_challenge/cmake-build-debug/CMakeFiles/CMakeTmp

Run Build Command:"/anaconda/anaconda3/bin/make" "cmTC_4441c/fast"
/anaconda/anaconda3/bin/make -f CMakeFiles/cmTC_4441c.dir/build.make CMakeFiles/cmTC_4441c.dir/build
make[1]: Entering directory '/Users/dominicanene/Google Drive/Northwestern/career/kepler_challenge/cmake-build-debug/CMakeFiles/CMakeTmp'
Building C object CMakeFiles/cmTC_4441c.dir/feature_tests.c.o
/Library/Developer/CommandLineTools/usr/bin/cc   -std=c99 -o CMakeFiles/cmTC_4441c.dir/feature_tests.c.o   -c "/Users/dominicanene/Google Drive/Northwestern/career/kepler_challenge/cmake-build-debug/CMakeFiles/feature_tests.c"
Linking C executable cmTC_4441c
/Applications/CLion.app/Contents/bin/cmake/mac/bin/cmake -E cmake_link_script CMakeFiles/cmTC_4441c.dir/link.txt --verbose=1
/Library/Developer/CommandLineTools/usr/bin/cc   -Wl,-search_paths_first -Wl,-headerpad_max_install_names   CMakeFiles/cmTC_4441c.dir/feature_tests.c.o  -o cmTC_4441c 
make[1]: Leaving directory '/Users/dominicanene/Google Drive/Northwestern/career/kepler_challenge/cmake-build-debug/CMakeFiles/CMakeTmp'


    Feature record: C_FEATURE:1c_function_prototypes
    Feature record: C_FEATURE:1c_restrict
    Feature record: C_FEATURE:0c_static_assert
    Feature record: C_FEATURE:1c_variadic_macros


Detecting C [-std=c90] compiler features compiled with the following output:
Change Dir: /Users/dominicanene/Google Drive/Northwestern/career/kepler_challenge/cmake-build-debug/CMakeFiles/CMakeTmp

Run Build Command:"/anaconda/anaconda3/bin/make" "cmTC_ee742/fast"
/anaconda/anaconda3/bin/make -f CMakeFiles/cmTC_ee742.dir/build.make CMakeFiles/cmTC_ee742.dir/build
make[1]: Entering directory '/Users/dominicanene/Google Drive/Northwestern/career/kepler_challenge/cmake-build-debug/CMakeFiles/CMakeTmp'
Building C object CMakeFiles/cmTC_ee742.dir/feature_tests.c.o
/Library/Developer/CommandLineTools/usr/bin/cc   -std=c90 -o CMakeFiles/cmTC_ee742.dir/feature_tests.c.o   -c "/Users/dominicanene/Google Drive/Northwestern/career/kepler_challenge/cmake-build-debug/CMakeFiles/feature_tests.c"
Linking C executable cmTC_ee742
/Applications/CLion.app/Contents/bin/cmake/mac/bin/cmake -E cmake_link_script CMakeFiles/cmTC_ee742.dir/link.txt --verbose=1
/Library/Developer/CommandLineTools/usr/bin/cc   -Wl,-search_paths_first -Wl,-headerpad_max_install_names   CMakeFiles/cmTC_ee742.dir/feature_tests.c.o  -o cmTC_ee742 
make[1]: Leaving directory '/Users/dominicanene/Google Drive/Northwestern/career/kepler_challenge/cmake-build-debug/CMakeFiles/CMakeTmp'


    Feature record: C_FEATURE:1c_function_prototypes
    Feature record: C_FEATURE:0c_restrict
    Feature record: C_FEATURE:0c_static_assert
    Feature record: C_FEATURE:0c_variadic_macros
